2025-12-22 15:01:29,403 - FallDetection - INFO - ============================================================
2025-12-22 15:01:29,403 - FallDetection - INFO - 实验名称: FallAllD_Experiment
2025-12-22 15:01:29,404 - FallDetection - INFO - 实验描述: 使用FallAllD数据集训练的SqueezeNet模型
2025-12-22 15:01:29,404 - FallDetection - INFO - 数据集: FallAllD
2025-12-22 15:01:29,404 - FallDetection - INFO - 模型: EdgeFallNet_FallAllD
2025-12-22 15:01:29,404 - FallDetection - INFO - 时间戳: 20251222_150129
2025-12-22 15:01:29,404 - FallDetection - INFO - ============================================================
2025-12-22 15:01:29,405 - FallDetection - INFO - 开始加载数据...
2025-12-22 15:01:42,897 - FallDetection - INFO - 数据形状: (2515, 4760, 6)
2025-12-22 15:01:42,946 - FallDetection - INFO - 标签形状: (2515,)
2025-12-22 15:01:42,947 - FallDetection - INFO - 类别分布: [2088  427]
2025-12-22 15:01:43,800 - FallDetection - INFO - 开始划分数据集...
2025-12-22 15:01:43,865 - FallDetection - INFO - 训练集: (1760, 4760, 6) (70.0%)
2025-12-22 15:01:43,865 - FallDetection - INFO - 验证集: (377, 4760, 6) (15.0%)
2025-12-22 15:01:43,866 - FallDetection - INFO - 测试集: (378, 4760, 6) (15.0%)
2025-12-22 15:01:43,868 - FallDetection - INFO - 开始构建模型...
2025-12-22 15:01:44,044 - FallDetection - WARNING - 无法保存模型结构图: You must install pydot (`pip install pydot`) and install graphviz (see instructions at https://graphviz.gitlab.io/download/) for plot_model to work.
2025-12-22 15:01:44,044 - FallDetection - INFO - 模型构建完成
2025-12-22 15:01:44,044 - FallDetection - INFO - 
Model: "EdgeFallNet"
__________________________________________________________________________________________________
 Layer (type)                   Output Shape         Param #     Connected to                     
==================================================================================================
 input_layer (InputLayer)       [(None, 4760, 6)]    0           []                               
                                                                                                  
 initial_conv (SeparableConv1D)  (None, 4760, 16)    142         ['input_layer[0][0]']            
                                                                                                  
 pool1 (MaxPooling1D)           (None, 952, 16)      0           ['initial_conv[0][0]']           
                                                                                                  
 squeeze_fire1 (Conv1D)         (None, 952, 8)       136         ['pool1[0][0]']                  
                                                                                                  
 expand1x1_fire1 (Conv1D)       (None, 952, 4)       36          ['squeeze_fire1[0][0]']          
                                                                                                  
 expand3x3_fire1 (SeparableConv  (None, 952, 6)      78          ['squeeze_fire1[0][0]']          
 1D)                                                                                              
                                                                                                  
 merge_fire1 (Concatenate)      (None, 952, 10)      0           ['expand1x1_fire1[0][0]',        
                                                                  'expand3x3_fire1[0][0]']        
                                                                                                  
 pool2 (MaxPooling1D)           (None, 191, 10)      0           ['merge_fire1[0][0]']            
                                                                                                  
 squeeze_fire2 (Conv1D)         (None, 191, 8)       88          ['pool2[0][0]']                  
                                                                                                  
 expand1x1_fire2 (Conv1D)       (None, 191, 4)       36          ['squeeze_fire2[0][0]']          
                                                                                                  
 expand3x3_fire2 (SeparableConv  (None, 191, 6)      78          ['squeeze_fire2[0][0]']          
 1D)                                                                                              
                                                                                                  
 merge_fire2 (Concatenate)      (None, 191, 10)      0           ['expand1x1_fire2[0][0]',        
                                                                  'expand3x3_fire2[0][0]']        
                                                                                                  
 pool3 (MaxPooling1D)           (None, 39, 10)       0           ['merge_fire2[0][0]']            
                                                                                                  
 flatten (Flatten)              (None, 390)          0           ['pool3[0][0]']                  
                                                                                                  
 dense1 (Dense)                 (None, 8)            3128        ['flatten[0][0]']                
                                                                                                  
 dropout (Dropout)              (None, 8)            0           ['dense1[0][0]']                 
                                                                                                  
 output (Dense)                 (None, 1)            9           ['dropout[0][0]']                
                                                                                                  
==================================================================================================
Total params: 3,731
Trainable params: 3,731
Non-trainable params: 0
__________________________________________________________________________________________________
2025-12-22 15:01:44,049 - FallDetection - INFO - 开始训练模型...
2025-12-22 15:01:44,049 - FallDetection - INFO - 训练样本数: 1760
2025-12-22 15:01:44,049 - FallDetection - INFO - 验证样本数: 377
2025-12-22 15:01:44,049 - FallDetection - INFO - 测试样本数: 378
2025-12-22 15:02:18,713 - FallDetection - INFO - 训练图表已保存到: experiments\FallAllD_Experiment_20251222_150129\figures\training_history.png
2025-12-22 15:02:18,776 - FallDetection - INFO - 模型已保存到: experiments\FallAllD_Experiment_20251222_150129\models
2025-12-22 15:02:18,776 - FallDetection - INFO - 开始评估模型...
2025-12-22 15:02:19,312 - FallDetection - INFO - ============================================================
2025-12-22 15:02:19,312 - FallDetection - INFO - 模型评估结果
2025-12-22 15:02:19,313 - FallDetection - INFO - ============================================================
2025-12-22 15:02:19,313 - FallDetection - INFO - 测试集损失: 0.1960
2025-12-22 15:02:19,313 - FallDetection - INFO - 测试集准确率: 0.9101
2025-12-22 15:02:19,313 - FallDetection - INFO - 准确率: 0.9101
2025-12-22 15:02:19,313 - FallDetection - INFO - 灵敏度: 0.9375
2025-12-22 15:02:19,313 - FallDetection - INFO - 特异度: 0.9045
2025-12-22 15:02:19,313 - FallDetection - INFO - 几何均值: 0.9208
2025-12-22 15:02:19,313 - FallDetection - INFO - ============================================================
2025-12-22 15:02:19,313 - FallDetection - INFO - 训练完成!
2025-12-22 15:02:19,313 - FallDetection - INFO - 实验结果保存在: experiments\FallAllD_Experiment_20251222_150129
2025-12-22 15:02:19,313 - FallDetection - INFO - ============================================================
